route / not found
route /favicon.ico not found
Incorrect username or password!
"phoneNumber" must be less than or equal to 20
"phoneNumber" must be less than or equal to 20
"phoneNumber" must be less than or equal to 10
ENOENT: no such file or directory, stat 'C:\Users\user\Desktop\vacation-p3\BE\vacationbe\src\assets\images\imageNotFound.png'
ENOENT: no such file or directory, stat 'C:\Users\user\Desktop\vacation-p3\BE\vacationbe\src\assets\images\imageNotFound.png'
ENOENT: no such file or directory, stat 'C:\Users\user\Desktop\vacation-p3\BE\vacationbe\src\assets\images\imageNotFound.png'
ENOENT: no such file or directory, stat 'C:\Users\user\Desktop\vacation-p3\BE\vacationbe\src\assets\images\imageNotFound.png'
ENOENT: no such file or directory, stat 'C:\Users\user\Desktop\vacation-p3\BE\vacationbe\src\assets\images\imageNotFound.png'
ENOENT: no such file or directory, stat 'C:\Users\user\Desktop\vacation-p3\BE\vacationbe\src\assets\images\imageNotFound.png'
ENOENT: no such file or directory, stat 'C:\Users\user\Desktop\vacation-p3\BE\vacationbe\src\assets\images\imageNotFound.png'
ENOENT: no such file or directory, stat 'C:\Users\user\Desktop\vacation-p3\BE\vacationbe\src\assets\images\imageNotFound.png'
ENOENT: no such file or directory, stat 'C:\Users\user\Desktop\vacation-p3\BE\vacationbe\src\assets\images\imageNotFound.png'
ENOENT: no such file or directory, stat 'C:\Users\user\Desktop\vacation-p3\BE\vacationbe\src\assets\images\imageNotFound.png'
ENOENT: no such file or directory, stat 'C:\Users\user\Desktop\vacation-p3\BE\vacationbe\src\assets\images\imageNotFound.png'
ENOENT: no such file or directory, stat 'C:\Users\user\Desktop\vacation-p3\BE\vacationbe\src\assets\images\imageNotFound.png'
ENOENT: no such file or directory, stat 'C:\Users\user\Desktop\vacation-p3\BE\vacationbe\src\assets\images\imageNotFound.png'
ENOENT: no such file or directory, stat 'C:\Users\user\Desktop\vacation-p3\BE\vacationbe\src\assets\images\imageNotFound.png'
ENOENT: no such file or directory, stat 'C:\Users\user\Desktop\vacation-p3\BE\vacationbe\src\assets\images\imageNotFound.png'
ENOENT: no such file or directory, stat 'C:\Users\user\Desktop\vacation-p3\BE\vacationbe\src\assets\images\imageNotFound.png'
"phoneNumber" must be less than or equal to 10
"phoneNumber" must be less than or equal to 10
ENOENT: no such file or directory, stat 'C:\Users\user\Desktop\vacation-p3\BE\vacationbe\src\assets\images\imageNotFound.png'
ENOENT: no such file or directory, stat 'C:\Users\user\Desktop\vacation-p3\BE\vacationbe\src\assets\images\imageNotFound.png'
ENOENT: no such file or directory, stat 'C:\Users\user\Desktop\vacation-p3\BE\vacationbe\src\assets\images\imageNotFound.png'
ENOENT: no such file or directory, stat 'C:\Users\user\Desktop\vacation-p3\BE\vacationbe\src\assets\images\imageNotFound.png'
ENOENT: no such file or directory, stat 'C:\Users\user\Desktop\vacation-p3\BE\vacationbe\src\assets\images\imageNotFound.png'
ENOENT: no such file or directory, stat 'C:\Users\user\Desktop\vacation-p3\BE\vacationbe\src\assets\images\imageNotFound.png'
ENOENT: no such file or directory, stat 'C:\Users\user\Desktop\vacation-p3\BE\vacationbe\src\assets\images\imageNotFound.png'
ENOENT: no such file or directory, stat 'C:\Users\user\Desktop\vacation-p3\BE\vacationbe\src\assets\images\imageNotFound.png'
ENOENT: no such file or directory, stat 'C:\Users\user\Desktop\vacation-p3\BE\vacationbe\src\assets\images\imageNotFound.png'
ENOENT: no such file or directory, stat 'C:\Users\user\Desktop\vacation-p3\BE\vacationbe\src\assets\images\imageNotFound.png'
ENOENT: no such file or directory, stat 'C:\Users\user\Desktop\vacation-p3\BE\vacationbe\src\assets\images\imageNotFound.png'
ENOENT: no such file or directory, stat 'C:\Users\user\Desktop\vacation-p3\BE\vacationbe\src\assets\images\imageNotFound.png'
ENOENT: no such file or directory, stat 'C:\Users\user\Desktop\vacation-p3\BE\vacationbe\src\assets\images\imageNotFound.png'
ENOENT: no such file or directory, stat 'C:\Users\user\Desktop\vacation-p3\BE\vacationbe\src\assets\images\imageNotFound.png'
ENOENT: no such file or directory, stat 'C:\Users\user\Desktop\vacation-p3\BE\vacationbe\src\assets\images\imageNotFound.png'
ENOENT: no such file or directory, stat 'C:\Users\user\Desktop\vacation-p3\BE\vacationbe\src\assets\images\imageNotFound.png'
ENOENT: no such file or directory, stat 'C:\Users\user\Desktop\vacation-p3\BE\vacationbe\src\assets\images\imageNotFound.png'
ENOENT: no such file or directory, stat 'C:\Users\user\Desktop\vacation-p3\BE\vacationbe\src\assets\images\imageNotFound.png'
ENOENT: no such file or directory, stat 'C:\Users\user\Desktop\vacation-p3\BE\vacationbe\src\assets\images\imageNotFound.png'
ENOENT: no such file or directory, stat 'C:\Users\user\Desktop\vacation-p3\BE\vacationbe\src\assets\images\imageNotFound.png'
ENOENT: no such file or directory, stat 'C:\Users\user\Desktop\vacation-p3\BE\vacationbe\src\assets\images\imageNotFound.png'
ENOENT: no such file or directory, stat 'C:\Users\user\Desktop\vacation-p3\BE\vacationbe\src\assets\images\imageNotFound.png'
ENOENT: no such file or directory, stat 'C:\Users\user\Desktop\vacation-p3\BE\vacationbe\src\assets\images\imageNotFound.png'
ENOENT: no such file or directory, stat 'C:\Users\user\Desktop\vacation-p3\BE\vacationbe\src\assets\images\imageNotFound.png'
ENOENT: no such file or directory, stat 'C:\Users\user\Desktop\vacation-p3\BE\vacationbe\src\assets\images\imageNotFound.png'
ENOENT: no such file or directory, stat 'C:\Users\user\Desktop\vacation-p3\BE\vacationbe\src\assets\images\imageNotFound.png'
ENOENT: no such file or directory, stat 'C:\Users\user\Desktop\vacation-p3\BE\vacationbe\src\assets\images\imageNotFound.png'
ENOENT: no such file or directory, stat 'C:\Users\user\Desktop\vacation-p3\BE\vacationbe\src\assets\images\imageNotFound.png'
ENOENT: no such file or directory, stat 'C:\Users\user\Desktop\vacation-p3\BE\vacationbe\src\assets\images\imageNotFound.png'
"phoneNumber" must be less than or equal to 10
"phoneNumber" must be less than or equal to 10
route /favicon.ico not found
"phoneNumber" must be less than or equal to 10
"phoneNumber" must be less than or equal to 10
"phoneNumber" must be less than or equal to 20
"phoneNumber" must be less than or equal to 20
"phoneNumber" must be less than or equal to 20
"phoneNumber" must be less than or equal to 20
"phoneNumber" must be less than or equal to 20
Incorrect username or password!
"phoneNumber" must be a number
"phoneNumber" must be a number
"phoneNumber" must be less than or equal to 20
"phoneNumber" must be less than or equal to 20
"email" is required
"email" is required
You have an error in your SQL syntax; check the manual that corresponds to your MariaDB server version for the right syntax to use near '?)' at line 2
You have an error in your SQL syntax; check the manual that corresponds to your MariaDB server version for the right syntax to use near '?)' at line 2
"phoneNumber" must be less than or equal to 20
"phoneNumber" must be less than or equal to 20
"phoneNumber" must be less than or equal to 20
"phoneNumber" must be less than or equal to 20
"phoneNumber" must be less than or equal to 20
"phoneNumber" is required
Column count doesn't match value count at row 1
Column count doesn't match value count at row 1
Column count doesn't match value count at row 1
Column count doesn't match value count at row 1
Column count doesn't match value count at row 1
Column count doesn't match value count at row 1
Column count doesn't match value count at row 1
Column count doesn't match value count at row 1
Column count doesn't match value count at row 1
Column count doesn't match value count at row 1
Column 'email' cannot be null
Column count doesn't match value count at row 1
Column count doesn't match value count at row 1
Column count doesn't match value count at row 1
Column count doesn't match value count at row 1
Column count doesn't match value count at row 1
Column 'email' cannot be null
Column 'email' cannot be null
"phoneNumber" must be less than or equal to 20
"phoneNumber" must be less than or equal to 20
Column count doesn't match value count at row 1
Incorrect username or password!
